[MASTER] 15:11:02.063 [TEST_EXECUTION_THREAD_0] ERROR FunctionalMockStatement - Cannot use Mockito on class com.facebook.presto.common.block.AbstractMapBlock due to IAE: 
Mockito cannot mock this class: class com.facebook.presto.common.block.AbstractMapBlock.

Mockito can only mock non-private & non-final classes.
If you're not sure why you're getting this error, please report to the mailing list.


Java               : 1.8
JVM vendor name    : Private Build
JVM vendor version : 25.292-b10
JVM name           : OpenJDK 64-Bit Server VM
JVM version        : 1.8.0_292-8u292-b10-0ubuntu1~20.04-b10
JVM info           : mixed mode
OS name            : Linux
OS version         : 5.10.16.3-microsoft-standard-WSL2


Underlying exception : java.lang.IllegalArgumentException: Could not create type
[MASTER] 15:11:07.763 [TEST_EXECUTION_THREAD_1] ERROR FunctionalMockStatement - Cannot use Mockito on class java.lang.invoke.MethodHandle due to IAE: 
Mockito cannot mock this class: class java.lang.invoke.MethodHandle.

Mockito can only mock non-private & non-final classes.
If you're not sure why you're getting this error, please report to the mailing list.


Java               : 1.8
JVM vendor name    : Private Build
JVM vendor version : 25.292-b10
JVM name           : OpenJDK 64-Bit Server VM
JVM version        : 1.8.0_292-8u292-b10-0ubuntu1~20.04-b10
JVM info           : mixed mode
OS name            : Linux
OS version         : 5.10.16.3-microsoft-standard-WSL2


Underlying exception : java.lang.IllegalArgumentException: Could not create type
[MASTER] 15:11:38.693 [pool-2-thread-1] ERROR TestCluster - Failed to check cache for java.util.Optional<T> : Type points to itself
[MASTER] 15:11:48.658 [TEST_EXECUTION_THREAD_6] ERROR AbstractStatement - Error assigning value of type Class defined at statement Class<int[]> class0 = int[].class, assignment statement: classArray0[0] = class0; SUT=com.facebook.presto.common.block.SingleMapBlock
[MASTER] 15:11:56.073 [pool-2-thread-1] ERROR TestCluster - Failed to check cache for java.lang.Class<T> : Type points to itself
[MASTER] 15:12:14.473 [TEST_EXECUTION_THREAD_6] ERROR AbstractStatement - Error assigning value of type Class defined at statement Class<boolean[]> class0 = boolean[].class, assignment statement: classArray0[0] = class0; SUT=com.facebook.presto.common.block.SingleMapBlock
[MASTER] 15:12:22.067 [TEST_EXECUTION_THREAD_6] ERROR AbstractStatement - Error assigning value of type Class defined at statement Class<int[]> class0 = int[].class, assignment statement: classArray0[0] = class0; SUT=com.facebook.presto.common.block.SingleMapBlock
